[2023-02-14 11:48:28.684 +01:00  INF]  Entity Framework Core 6.0.13 initialized 'WebApiDbContext' using provider 'Microsoft.EntityFrameworkCore.SqlServer:6.0.13' with options: None
[2023-02-14 11:48:29.435 +01:00  INF]  Executed DbCommand (31ms) [Parameters=[], CommandType='"Text"', CommandTimeout='30']
SELECT 1
[2023-02-14 11:48:29.496 +01:00  INF]  Executed DbCommand (36ms) [Parameters=[], CommandType='"Text"', CommandTimeout='30']
SELECT OBJECT_ID(N'[__EFMigrationsHistory]');
[2023-02-14 11:48:29.501 +01:00  INF]  Executed DbCommand (2ms) [Parameters=[], CommandType='"Text"', CommandTimeout='30']
SELECT 1
[2023-02-14 11:48:29.502 +01:00  INF]  Executed DbCommand (0ms) [Parameters=[], CommandType='"Text"', CommandTimeout='30']
SELECT OBJECT_ID(N'[__EFMigrationsHistory]');
[2023-02-14 11:48:29.541 +01:00  INF]  Executed DbCommand (11ms) [Parameters=[], CommandType='"Text"', CommandTimeout='30']
SELECT [MigrationId], [ProductVersion]
FROM [__EFMigrationsHistory]
ORDER BY [MigrationId];
[2023-02-14 11:48:29.576 +01:00  INF]  No migrations were applied. The database is already up to date.
[2023-02-14 11:48:30.089 +01:00  INF]  Executed DbCommand (9ms) [Parameters=[], CommandType='"Text"', CommandTimeout='30']
SELECT TOP(1) [u].[Id], [u].[Email], [u].[Nombre], [u].[Password], [u].[RoleId]
FROM [Users] AS [u]
WHERE [u].[RoleId] = 1
[2023-02-14 11:48:30.330 +01:00  INF]  User profile is available. Using 'C:\Users\CesarDiaz\AppData\Local\ASP.NET\DataProtection-Keys' as key repository and Windows DPAPI to encrypt keys at rest.
[2023-02-14 11:48:30.754 +01:00  INF]  Now listening on: https://localhost:7075
[2023-02-14 11:48:30.754 +01:00  INF]  Now listening on: http://localhost:5138
[2023-02-14 11:48:30.757 +01:00  INF]  Application started. Press Ctrl+C to shut down.
[2023-02-14 11:48:30.757 +01:00  INF]  Hosting environment: Development
[2023-02-14 11:48:30.757 +01:00  INF]  Content root path: C:\Users\CesarDiaz\source\repos\BOOTCAMP-IRONMAN\10_NET\Ejercicios\66.WebApi_Cars\API\
[2023-02-14 11:48:31.492 +01:00  INF]  Request starting HTTP/2 GET https://localhost:7075/swagger/index.html - -
[2023-02-14 11:48:31.712 +01:00  INF]  Request finished HTTP/2 GET https://localhost:7075/swagger/index.html - - - 200 - text/html;charset=utf-8 223.5915ms
[2023-02-14 11:48:31.788 +01:00  INF]  Request starting HTTP/2 GET https://localhost:7075/_framework/aspnetcore-browser-refresh.js - -
[2023-02-14 11:48:31.793 +01:00  INF]  Request finished HTTP/2 GET https://localhost:7075/_framework/aspnetcore-browser-refresh.js - - - 200 11998 application/javascript;+charset=utf-8 4.9016ms
[2023-02-14 11:48:31.973 +01:00  INF]  Request starting HTTP/2 GET https://localhost:7075/swagger/v1/swagger.json - -
[2023-02-14 11:48:32.121 +01:00  INF]  Request finished HTTP/2 GET https://localhost:7075/swagger/v1/swagger.json - - - 200 - application/json;charset=utf-8 148.9722ms
[2023-02-14 11:48:36.785 +01:00  INF]  Request starting HTTP/2 POST https://localhost:7075/api/Users/authenticate application/json 47
[2023-02-14 11:48:36.879 +01:00  INF]  Executing endpoint '_66.WebApi_Cars.Controllers.UsersController.Authenticate (66.WebApi_Cars)'
[2023-02-14 11:48:36.904 +01:00  INF]  Route matched with {action = "Authenticate", controller = "Users"}. Executing controller action with signature System.Threading.Tasks.Task`1[Microsoft.AspNetCore.Mvc.IActionResult] Authenticate(Entities.Requests.AuthenticateRequest) on controller _66.WebApi_Cars.Controllers.UsersController (66.WebApi_Cars).
[2023-02-14 11:48:36.913 +01:00  INF]  Executed action _66.WebApi_Cars.Controllers.UsersController.Authenticate (66.WebApi_Cars) in 3.0275ms
[2023-02-14 11:48:36.915 +01:00  INF]  Executed endpoint '_66.WebApi_Cars.Controllers.UsersController.Authenticate (66.WebApi_Cars)'
[2023-02-14 11:48:36.916 +01:00  ERR]  An unhandled exception has occurred while executing the request.
System.InvalidOperationException: Unable to resolve service for type 'Microsoft.Extensions.Logging.ILogger' while attempting to activate '_66.WebApi_Cars.Controllers.UsersController'.
   at Microsoft.Extensions.DependencyInjection.ActivatorUtilities.GetService(IServiceProvider sp, Type type, Type requiredBy, Boolean isDefaultParameterRequired)
   at lambda_method42(Closure , IServiceProvider , Object[] )
   at Microsoft.AspNetCore.Mvc.Controllers.ControllerActivatorProvider.<>c__DisplayClass7_0.<CreateActivator>b__0(ControllerContext controllerContext)
   at Microsoft.AspNetCore.Mvc.Controllers.ControllerFactoryProvider.<>c__DisplayClass6_0.<CreateControllerFactory>g__CreateController|0(ControllerContext controllerContext)
   at Microsoft.AspNetCore.Mvc.Infrastructure.ControllerActionInvoker.Next(State& next, Scope& scope, Object& state, Boolean& isCompleted)
   at Microsoft.AspNetCore.Mvc.Infrastructure.ControllerActionInvoker.InvokeInnerFilterAsync()
--- End of stack trace from previous location ---
   at Microsoft.AspNetCore.Mvc.Infrastructure.ResourceInvoker.<InvokeFilterPipelineAsync>g__Awaited|20_0(ResourceInvoker invoker, Task lastTask, State next, Scope scope, Object state, Boolean isCompleted)
   at Microsoft.AspNetCore.Mvc.Infrastructure.ResourceInvoker.<InvokeAsync>g__Logged|17_1(ResourceInvoker invoker)
   at Microsoft.AspNetCore.Mvc.Infrastructure.ResourceInvoker.<InvokeAsync>g__Logged|17_1(ResourceInvoker invoker)
   at Microsoft.AspNetCore.Routing.EndpointMiddleware.<Invoke>g__AwaitRequestTask|6_0(Endpoint endpoint, Task requestTask, ILogger logger)
   at Microsoft.AspNetCore.Authorization.AuthorizationMiddleware.Invoke(HttpContext context)
   at Microsoft.AspNetCore.Authentication.AuthenticationMiddleware.Invoke(HttpContext context)
   at Swashbuckle.AspNetCore.SwaggerUI.SwaggerUIMiddleware.Invoke(HttpContext httpContext)
   at Swashbuckle.AspNetCore.Swagger.SwaggerMiddleware.Invoke(HttpContext httpContext, ISwaggerProvider swaggerProvider)
   at Microsoft.AspNetCore.Diagnostics.DeveloperExceptionPageMiddleware.Invoke(HttpContext context)
[2023-02-14 11:48:36.967 +01:00  INF]  Request finished HTTP/2 POST https://localhost:7075/api/Users/authenticate application/json 47 - 500 - text/plain;+charset=utf-8 182.0279ms
[2023-02-14 11:49:44.751 +01:00  INF]  Entity Framework Core 6.0.13 initialized 'WebApiDbContext' using provider 'Microsoft.EntityFrameworkCore.SqlServer:6.0.13' with options: None
[2023-02-14 11:49:45.491 +01:00  INF]  Executed DbCommand (34ms) [Parameters=[], CommandType='"Text"', CommandTimeout='30']
SELECT 1
[2023-02-14 11:49:45.550 +01:00  INF]  Executed DbCommand (27ms) [Parameters=[], CommandType='"Text"', CommandTimeout='30']
SELECT OBJECT_ID(N'[__EFMigrationsHistory]');
[2023-02-14 11:49:45.554 +01:00  INF]  Executed DbCommand (2ms) [Parameters=[], CommandType='"Text"', CommandTimeout='30']
SELECT 1
[2023-02-14 11:49:45.555 +01:00  INF]  Executed DbCommand (0ms) [Parameters=[], CommandType='"Text"', CommandTimeout='30']
SELECT OBJECT_ID(N'[__EFMigrationsHistory]');
[2023-02-14 11:49:45.595 +01:00  INF]  Executed DbCommand (4ms) [Parameters=[], CommandType='"Text"', CommandTimeout='30']
SELECT [MigrationId], [ProductVersion]
FROM [__EFMigrationsHistory]
ORDER BY [MigrationId];
[2023-02-14 11:49:45.632 +01:00  INF]  No migrations were applied. The database is already up to date.
[2023-02-14 11:49:46.154 +01:00  INF]  Executed DbCommand (1ms) [Parameters=[], CommandType='"Text"', CommandTimeout='30']
SELECT TOP(1) [u].[Id], [u].[Email], [u].[Nombre], [u].[Password], [u].[RoleId]
FROM [Users] AS [u]
WHERE [u].[RoleId] = 1
[2023-02-14 11:49:46.316 +01:00  INF]  User profile is available. Using 'C:\Users\CesarDiaz\AppData\Local\ASP.NET\DataProtection-Keys' as key repository and Windows DPAPI to encrypt keys at rest.
[2023-02-14 11:49:46.518 +01:00  INF]  Now listening on: https://localhost:7075
[2023-02-14 11:49:46.518 +01:00  INF]  Now listening on: http://localhost:5138
[2023-02-14 11:49:46.521 +01:00  INF]  Application started. Press Ctrl+C to shut down.
[2023-02-14 11:49:46.522 +01:00  INF]  Hosting environment: Development
[2023-02-14 11:49:46.522 +01:00  INF]  Content root path: C:\Users\CesarDiaz\source\repos\BOOTCAMP-IRONMAN\10_NET\Ejercicios\66.WebApi_Cars\API\
[2023-02-14 11:49:47.486 +01:00  INF]  Request starting HTTP/2 GET https://localhost:7075/swagger/index.html - -
[2023-02-14 11:49:47.635 +01:00  INF]  Request finished HTTP/2 GET https://localhost:7075/swagger/index.html - - - 200 - text/html;charset=utf-8 152.9966ms
[2023-02-14 11:49:47.681 +01:00  INF]  Request starting HTTP/2 GET https://localhost:7075/_framework/aspnetcore-browser-refresh.js - -
[2023-02-14 11:49:47.684 +01:00  INF]  Request finished HTTP/2 GET https://localhost:7075/_framework/aspnetcore-browser-refresh.js - - - 200 11998 application/javascript;+charset=utf-8 3.1817ms
[2023-02-14 11:49:47.827 +01:00  INF]  Request starting HTTP/2 GET https://localhost:7075/swagger/v1/swagger.json - -
[2023-02-14 11:49:47.937 +01:00  INF]  Request finished HTTP/2 GET https://localhost:7075/swagger/v1/swagger.json - - - 200 - application/json;charset=utf-8 110.1766ms
[2023-02-14 11:49:53.087 +01:00  INF]  Request starting HTTP/2 POST https://localhost:7075/api/Users/authenticate application/json 47
[2023-02-14 11:49:53.161 +01:00  INF]  Executing endpoint '_66.WebApi_Cars.Controllers.UsersController.Authenticate (66.WebApi_Cars)'
[2023-02-14 11:49:53.180 +01:00  INF]  Route matched with {action = "Authenticate", controller = "Users"}. Executing controller action with signature System.Threading.Tasks.Task`1[Microsoft.AspNetCore.Mvc.IActionResult] Authenticate(Entities.Requests.AuthenticateRequest) on controller _66.WebApi_Cars.Controllers.UsersController (66.WebApi_Cars).
[2023-02-14 11:49:53.324 +01:00  INF]  Executing action method _66.WebApi_Cars.Controllers.UsersController.Authenticate (66.WebApi_Cars) - Validation state: "Valid"
[2023-02-14 11:50:00.550 +01:00  INF]  Entrando en authenticate
[2023-02-14 11:50:03.811 +01:00  INF]  Entity Framework Core 6.0.13 initialized 'WebApiDbContext' using provider 'Microsoft.EntityFrameworkCore.SqlServer:6.0.13' with options: None
[2023-02-14 11:50:04.004 +01:00  INF]  Executed DbCommand (71ms) [Parameters=[@__request_Email_0='?' (Size = 4000), @__request_Password_1='?' (Size = 4000)], CommandType='"Text"', CommandTimeout='30']
SELECT [u].[Id], [u].[Email], [u].[Nombre], [u].[Password], [u].[RoleId], [r].[Id], [r].[Descripcion]
FROM [Users] AS [u]
INNER JOIN [Roles] AS [r] ON [u].[RoleId] = [r].[Id]
WHERE ([u].[Email] = @__request_Email_0) AND ([u].[Password] = @__request_Password_1)
[2023-02-14 11:50:04.033 +01:00  INF]  Executed action method _66.WebApi_Cars.Controllers.UsersController.Authenticate (66.WebApi_Cars), returned result Microsoft.AspNetCore.Mvc.BadRequestObjectResult in 10703.3359ms.
[2023-02-14 11:50:04.042 +01:00  INF]  Executing BadRequestObjectResult, writing value of type 'System.String'.
[2023-02-14 11:50:04.049 +01:00  INF]  Executed action _66.WebApi_Cars.Controllers.UsersController.Authenticate (66.WebApi_Cars) in 10863.6492ms
[2023-02-14 11:50:04.050 +01:00  INF]  Executed endpoint '_66.WebApi_Cars.Controllers.UsersController.Authenticate (66.WebApi_Cars)'
[2023-02-14 11:50:04.059 +01:00  INF]  Request finished HTTP/2 POST https://localhost:7075/api/Users/authenticate application/json 47 - 400 - text/plain;+charset=utf-8 10971.6429ms
[2023-02-14 11:53:57.379 +01:00  INF]  Entity Framework Core 6.0.13 initialized 'WebApiDbContext' using provider 'Microsoft.EntityFrameworkCore.SqlServer:6.0.13' with options: None
[2023-02-14 11:53:58.105 +01:00  INF]  Executed DbCommand (33ms) [Parameters=[], CommandType='"Text"', CommandTimeout='30']
SELECT 1
[2023-02-14 11:53:58.153 +01:00  INF]  Executed DbCommand (23ms) [Parameters=[], CommandType='"Text"', CommandTimeout='30']
SELECT OBJECT_ID(N'[__EFMigrationsHistory]');
[2023-02-14 11:53:58.156 +01:00  INF]  Executed DbCommand (1ms) [Parameters=[], CommandType='"Text"', CommandTimeout='30']
SELECT 1
[2023-02-14 11:53:58.157 +01:00  INF]  Executed DbCommand (1ms) [Parameters=[], CommandType='"Text"', CommandTimeout='30']
SELECT OBJECT_ID(N'[__EFMigrationsHistory]');
[2023-02-14 11:53:58.188 +01:00  INF]  Executed DbCommand (3ms) [Parameters=[], CommandType='"Text"', CommandTimeout='30']
SELECT [MigrationId], [ProductVersion]
FROM [__EFMigrationsHistory]
ORDER BY [MigrationId];
[2023-02-14 11:53:58.214 +01:00  INF]  No migrations were applied. The database is already up to date.
[2023-02-14 11:53:58.705 +01:00  INF]  Executed DbCommand (1ms) [Parameters=[], CommandType='"Text"', CommandTimeout='30']
SELECT TOP(1) [u].[Id], [u].[Email], [u].[Nombre], [u].[Password], [u].[RoleId]
FROM [Users] AS [u]
WHERE [u].[RoleId] = 1
[2023-02-14 11:53:58.931 +01:00  INF]  User profile is available. Using 'C:\Users\CesarDiaz\AppData\Local\ASP.NET\DataProtection-Keys' as key repository and Windows DPAPI to encrypt keys at rest.
[2023-02-14 11:53:59.255 +01:00  INF]  Now listening on: https://localhost:7075
[2023-02-14 11:53:59.255 +01:00  INF]  Now listening on: http://localhost:5138
[2023-02-14 11:53:59.258 +01:00  INF]  Application started. Press Ctrl+C to shut down.
[2023-02-14 11:53:59.258 +01:00  INF]  Hosting environment: Development
[2023-02-14 11:53:59.258 +01:00  INF]  Content root path: C:\Users\CesarDiaz\source\repos\BOOTCAMP-IRONMAN\10_NET\Ejercicios\66.WebApi_Cars\API\
[2023-02-14 11:54:00.105 +01:00  INF]  Request starting HTTP/2 GET https://localhost:7075/swagger/index.html - -
[2023-02-14 11:54:00.291 +01:00  INF]  Request finished HTTP/2 GET https://localhost:7075/swagger/index.html - - - 200 - text/html;charset=utf-8 189.3521ms
[2023-02-14 11:54:00.344 +01:00  INF]  Request starting HTTP/2 GET https://localhost:7075/_framework/aspnetcore-browser-refresh.js - -
[2023-02-14 11:54:00.348 +01:00  INF]  Request finished HTTP/2 GET https://localhost:7075/_framework/aspnetcore-browser-refresh.js - - - 200 11998 application/javascript;+charset=utf-8 3.6053ms
[2023-02-14 11:54:00.502 +01:00  INF]  Request starting HTTP/2 GET https://localhost:7075/swagger/v1/swagger.json - -
[2023-02-14 11:54:00.632 +01:00  INF]  Request finished HTTP/2 GET https://localhost:7075/swagger/v1/swagger.json - - - 200 - application/json;charset=utf-8 130.5020ms
[2023-02-14 11:54:07.944 +01:00  INF]  Request starting HTTP/2 POST https://localhost:7075/api/Users/authenticate application/json 50
[2023-02-14 11:54:08.019 +01:00  INF]  Executing endpoint '_66.WebApi_Cars.Controllers.UsersController.Authenticate (66.WebApi_Cars)'
[2023-02-14 11:54:08.039 +01:00  INF]  Route matched with {action = "Authenticate", controller = "Users"}. Executing controller action with signature System.Threading.Tasks.Task`1[Microsoft.AspNetCore.Mvc.IActionResult] Authenticate(Entities.Requests.AuthenticateRequest) on controller _66.WebApi_Cars.Controllers.UsersController (66.WebApi_Cars).
[2023-02-14 11:54:08.145 +01:00  INF]  Executing action method _66.WebApi_Cars.Controllers.UsersController.Authenticate (66.WebApi_Cars) - Validation state: "Valid"
[2023-02-14 11:54:08.150 +01:00  INF]  Entity Framework Core 6.0.13 initialized 'WebApiDbContext' using provider 'Microsoft.EntityFrameworkCore.SqlServer:6.0.13' with options: None
[2023-02-14 11:54:08.331 +01:00  INF]  Executed DbCommand (62ms) [Parameters=[@__request_Email_0='?' (Size = 4000), @__request_Password_1='?' (Size = 4000)], CommandType='"Text"', CommandTimeout='30']
SELECT [u].[Id], [u].[Email], [u].[Nombre], [u].[Password], [u].[RoleId], [r].[Id], [r].[Descripcion]
FROM [Users] AS [u]
INNER JOIN [Roles] AS [r] ON [u].[RoleId] = [r].[Id]
WHERE ([u].[Email] = @__request_Email_0) AND ([u].[Password] = @__request_Password_1)
[2023-02-14 11:54:08.360 +01:00  INF]  Executed action method _66.WebApi_Cars.Controllers.UsersController.Authenticate (66.WebApi_Cars), returned result Microsoft.AspNetCore.Mvc.BadRequestObjectResult in 209.0978ms.
[2023-02-14 11:54:08.369 +01:00  INF]  Executing BadRequestObjectResult, writing value of type 'System.String'.
[2023-02-14 11:54:08.376 +01:00  INF]  Executed action _66.WebApi_Cars.Controllers.UsersController.Authenticate (66.WebApi_Cars) in 331.5758ms
[2023-02-14 11:54:08.377 +01:00  INF]  Executed endpoint '_66.WebApi_Cars.Controllers.UsersController.Authenticate (66.WebApi_Cars)'
[2023-02-14 11:54:08.387 +01:00  INF]  Request finished HTTP/2 POST https://localhost:7075/api/Users/authenticate application/json 50 - 400 - text/plain;+charset=utf-8 442.8085ms
[2023-02-14 11:54:46.005 +01:00  INF]  Entity Framework Core 6.0.13 initialized 'WebApiDbContext' using provider 'Microsoft.EntityFrameworkCore.SqlServer:6.0.13' with options: None
[2023-02-14 11:54:46.499 +01:00  INF]  Executed DbCommand (24ms) [Parameters=[], CommandType='"Text"', CommandTimeout='30']
SELECT 1
[2023-02-14 11:54:46.554 +01:00  INF]  Executed DbCommand (26ms) [Parameters=[], CommandType='"Text"', CommandTimeout='30']
SELECT OBJECT_ID(N'[__EFMigrationsHistory]');
[2023-02-14 11:54:46.558 +01:00  INF]  Executed DbCommand (2ms) [Parameters=[], CommandType='"Text"', CommandTimeout='30']
SELECT 1
[2023-02-14 11:54:46.559 +01:00  INF]  Executed DbCommand (0ms) [Parameters=[], CommandType='"Text"', CommandTimeout='30']
SELECT OBJECT_ID(N'[__EFMigrationsHistory]');
[2023-02-14 11:54:46.592 +01:00  INF]  Executed DbCommand (4ms) [Parameters=[], CommandType='"Text"', CommandTimeout='30']
SELECT [MigrationId], [ProductVersion]
FROM [__EFMigrationsHistory]
ORDER BY [MigrationId];
[2023-02-14 11:54:46.621 +01:00  INF]  No migrations were applied. The database is already up to date.
[2023-02-14 11:54:47.140 +01:00  INF]  Executed DbCommand (1ms) [Parameters=[], CommandType='"Text"', CommandTimeout='30']
SELECT TOP(1) [u].[Id], [u].[Email], [u].[Nombre], [u].[Password], [u].[RoleId]
FROM [Users] AS [u]
WHERE [u].[RoleId] = 1
[2023-02-14 11:54:47.324 +01:00  INF]  User profile is available. Using 'C:\Users\CesarDiaz\AppData\Local\ASP.NET\DataProtection-Keys' as key repository and Windows DPAPI to encrypt keys at rest.
[2023-02-14 11:54:47.517 +01:00  INF]  Now listening on: https://localhost:7075
[2023-02-14 11:54:47.517 +01:00  INF]  Now listening on: http://localhost:5138
[2023-02-14 11:54:47.520 +01:00  INF]  Application started. Press Ctrl+C to shut down.
[2023-02-14 11:54:47.520 +01:00  INF]  Hosting environment: Development
[2023-02-14 11:54:47.520 +01:00  INF]  Content root path: C:\Users\CesarDiaz\source\repos\BOOTCAMP-IRONMAN\10_NET\Ejercicios\66.WebApi_Cars\API\
[2023-02-14 11:54:47.953 +01:00  INF]  Request starting HTTP/2 GET https://localhost:7075/swagger/index.html - -
[2023-02-14 11:54:48.111 +01:00  INF]  Request finished HTTP/2 GET https://localhost:7075/swagger/index.html - - - 200 - text/html;charset=utf-8 161.6079ms
[2023-02-14 11:54:48.165 +01:00  INF]  Request starting HTTP/2 GET https://localhost:7075/_framework/aspnetcore-browser-refresh.js - -
[2023-02-14 11:54:48.168 +01:00  INF]  Request finished HTTP/2 GET https://localhost:7075/_framework/aspnetcore-browser-refresh.js - - - 200 11998 application/javascript;+charset=utf-8 3.3005ms
[2023-02-14 11:54:48.309 +01:00  INF]  Request starting HTTP/2 GET https://localhost:7075/swagger/v1/swagger.json - -
[2023-02-14 11:54:48.419 +01:00  INF]  Request finished HTTP/2 GET https://localhost:7075/swagger/v1/swagger.json - - - 200 - application/json;charset=utf-8 110.2707ms
[2023-02-14 11:54:51.142 +01:00  INF]  Request starting HTTP/2 POST https://localhost:7075/api/Users/authenticate application/json 50
[2023-02-14 11:54:51.222 +01:00  INF]  Executing endpoint '_66.WebApi_Cars.Controllers.UsersController.Authenticate (66.WebApi_Cars)'
[2023-02-14 11:54:51.240 +01:00  INF]  Route matched with {action = "Authenticate", controller = "Users"}. Executing controller action with signature System.Threading.Tasks.Task`1[Microsoft.AspNetCore.Mvc.IActionResult] Authenticate(Entities.Requests.AuthenticateRequest) on controller _66.WebApi_Cars.Controllers.UsersController (66.WebApi_Cars).
[2023-02-14 11:54:51.336 +01:00  INF]  Executing action method _66.WebApi_Cars.Controllers.UsersController.Authenticate (66.WebApi_Cars) - Validation state: "Valid"
[2023-02-14 11:54:54.095 +01:00  INF]  asfasfasfasfasf
[2023-02-14 11:54:54.100 +01:00  INF]  Entity Framework Core 6.0.13 initialized 'WebApiDbContext' using provider 'Microsoft.EntityFrameworkCore.SqlServer:6.0.13' with options: None
[2023-02-14 11:54:54.269 +01:00  INF]  Executed DbCommand (53ms) [Parameters=[@__request_Email_0='?' (Size = 4000), @__request_Password_1='?' (Size = 4000)], CommandType='"Text"', CommandTimeout='30']
SELECT [u].[Id], [u].[Email], [u].[Nombre], [u].[Password], [u].[RoleId], [r].[Id], [r].[Descripcion]
FROM [Users] AS [u]
INNER JOIN [Roles] AS [r] ON [u].[RoleId] = [r].[Id]
WHERE ([u].[Email] = @__request_Email_0) AND ([u].[Password] = @__request_Password_1)
[2023-02-14 11:54:54.297 +01:00  INF]  Executed action method _66.WebApi_Cars.Controllers.UsersController.Authenticate (66.WebApi_Cars), returned result Microsoft.AspNetCore.Mvc.BadRequestObjectResult in 2955.4788ms.
[2023-02-14 11:54:54.308 +01:00  INF]  Executing BadRequestObjectResult, writing value of type 'System.String'.
[2023-02-14 11:54:54.315 +01:00  INF]  Executed action _66.WebApi_Cars.Controllers.UsersController.Authenticate (66.WebApi_Cars) in 3069.4825ms
[2023-02-14 11:54:54.316 +01:00  INF]  Executed endpoint '_66.WebApi_Cars.Controllers.UsersController.Authenticate (66.WebApi_Cars)'
[2023-02-14 11:54:54.323 +01:00  INF]  Request finished HTTP/2 POST https://localhost:7075/api/Users/authenticate application/json 50 - 400 - text/plain;+charset=utf-8 3181.5754ms
[2023-02-14 11:55:50.266 +01:00  INF]  Entity Framework Core 6.0.13 initialized 'WebApiDbContext' using provider 'Microsoft.EntityFrameworkCore.SqlServer:6.0.13' with options: None
[2023-02-14 11:55:50.806 +01:00  INF]  Executed DbCommand (35ms) [Parameters=[], CommandType='"Text"', CommandTimeout='30']
SELECT 1
[2023-02-14 11:55:50.862 +01:00  INF]  Executed DbCommand (26ms) [Parameters=[], CommandType='"Text"', CommandTimeout='30']
SELECT OBJECT_ID(N'[__EFMigrationsHistory]');
[2023-02-14 11:55:50.865 +01:00  INF]  Executed DbCommand (1ms) [Parameters=[], CommandType='"Text"', CommandTimeout='30']
SELECT 1
[2023-02-14 11:55:50.866 +01:00  INF]  Executed DbCommand (0ms) [Parameters=[], CommandType='"Text"', CommandTimeout='30']
SELECT OBJECT_ID(N'[__EFMigrationsHistory]');
[2023-02-14 11:55:50.908 +01:00  INF]  Executed DbCommand (5ms) [Parameters=[], CommandType='"Text"', CommandTimeout='30']
SELECT [MigrationId], [ProductVersion]
FROM [__EFMigrationsHistory]
ORDER BY [MigrationId];
[2023-02-14 11:55:50.939 +01:00  INF]  No migrations were applied. The database is already up to date.
[2023-02-14 11:55:51.363 +01:00  INF]  Executed DbCommand (1ms) [Parameters=[], CommandType='"Text"', CommandTimeout='30']
SELECT TOP(1) [u].[Id], [u].[Email], [u].[Nombre], [u].[Password], [u].[RoleId]
FROM [Users] AS [u]
WHERE [u].[RoleId] = 1
[2023-02-14 11:55:51.546 +01:00  INF]  User profile is available. Using 'C:\Users\CesarDiaz\AppData\Local\ASP.NET\DataProtection-Keys' as key repository and Windows DPAPI to encrypt keys at rest.
[2023-02-14 11:55:51.778 +01:00  INF]  Now listening on: https://localhost:7075
[2023-02-14 11:55:51.778 +01:00  INF]  Now listening on: http://localhost:5138
[2023-02-14 11:55:51.780 +01:00  INF]  Application started. Press Ctrl+C to shut down.
[2023-02-14 11:55:51.781 +01:00  INF]  Hosting environment: Development
[2023-02-14 11:55:51.781 +01:00  INF]  Content root path: C:\Users\CesarDiaz\source\repos\BOOTCAMP-IRONMAN\10_NET\Ejercicios\66.WebApi_Cars\API\
[2023-02-14 11:55:52.206 +01:00  INF]  Request starting HTTP/2 GET https://localhost:7075/swagger/index.html - -
[2023-02-14 11:55:52.368 +01:00  INF]  Request finished HTTP/2 GET https://localhost:7075/swagger/index.html - - - 200 - text/html;charset=utf-8 166.2895ms
[2023-02-14 11:55:52.418 +01:00  INF]  Request starting HTTP/2 GET https://localhost:7075/_framework/aspnetcore-browser-refresh.js - -
[2023-02-14 11:55:52.422 +01:00  INF]  Request finished HTTP/2 GET https://localhost:7075/_framework/aspnetcore-browser-refresh.js - - - 200 11998 application/javascript;+charset=utf-8 3.5744ms
[2023-02-14 11:55:52.585 +01:00  INF]  Request starting HTTP/2 GET https://localhost:7075/swagger/v1/swagger.json - -
[2023-02-14 11:55:52.703 +01:00  INF]  Request finished HTTP/2 GET https://localhost:7075/swagger/v1/swagger.json - - - 200 - application/json;charset=utf-8 118.3959ms
[2023-02-14 11:56:38.851 +01:00  INF]  Request starting HTTP/2 POST https://localhost:7075/api/Users/authenticate application/json 53
[2023-02-14 11:56:38.919 +01:00  INF]  Executing endpoint '_66.WebApi_Cars.Controllers.UsersController.Authenticate (66.WebApi_Cars)'
[2023-02-14 11:56:38.941 +01:00  INF]  Route matched with {action = "Authenticate", controller = "Users"}. Executing controller action with signature System.Threading.Tasks.Task`1[Microsoft.AspNetCore.Mvc.IActionResult] Authenticate(Entities.Requests.AuthenticateRequest) on controller _66.WebApi_Cars.Controllers.UsersController (66.WebApi_Cars).
[2023-02-14 11:56:39.028 +01:00  INF]  Executing action method _66.WebApi_Cars.Controllers.UsersController.Authenticate (66.WebApi_Cars) - Validation state: "Valid"
[2023-02-14 11:56:40.999 +01:00  INF]  userrrrunapassword
[2023-02-14 11:56:41.040 +01:00  INF]  Entity Framework Core 6.0.13 initialized 'WebApiDbContext' using provider 'Microsoft.EntityFrameworkCore.SqlServer:6.0.13' with options: None
[2023-02-14 11:56:41.209 +01:00  INF]  Executed DbCommand (52ms) [Parameters=[@__request_Email_0='?' (Size = 4000), @__request_Password_1='?' (Size = 4000)], CommandType='"Text"', CommandTimeout='30']
SELECT [u].[Id], [u].[Email], [u].[Nombre], [u].[Password], [u].[RoleId], [r].[Id], [r].[Descripcion]
FROM [Users] AS [u]
INNER JOIN [Roles] AS [r] ON [u].[RoleId] = [r].[Id]
WHERE ([u].[Email] = @__request_Email_0) AND ([u].[Password] = @__request_Password_1)
[2023-02-14 11:56:41.240 +01:00  INF]  Executed action method _66.WebApi_Cars.Controllers.UsersController.Authenticate (66.WebApi_Cars), returned result Microsoft.AspNetCore.Mvc.BadRequestObjectResult in 2206.216ms.
[2023-02-14 11:56:41.252 +01:00  INF]  Executing BadRequestObjectResult, writing value of type 'System.String'.
[2023-02-14 11:56:41.259 +01:00  INF]  Executed action _66.WebApi_Cars.Controllers.UsersController.Authenticate (66.WebApi_Cars) in 2313.216ms
[2023-02-14 11:56:41.260 +01:00  INF]  Executed endpoint '_66.WebApi_Cars.Controllers.UsersController.Authenticate (66.WebApi_Cars)'
[2023-02-14 11:56:41.272 +01:00  INF]  Request finished HTTP/2 POST https://localhost:7075/api/Users/authenticate application/json 53 - 400 - text/plain;+charset=utf-8 2420.2348ms
[2023-02-14 11:59:45.782 +01:00  INF]  Entity Framework Core 6.0.13 initialized 'WebApiDbContext' using provider 'Microsoft.EntityFrameworkCore.SqlServer:6.0.13' with options: None
[2023-02-14 11:59:46.472 +01:00  INF]  Executed DbCommand (29ms) [Parameters=[], CommandType='"Text"', CommandTimeout='30']
SELECT 1
[2023-02-14 11:59:46.526 +01:00  INF]  Executed DbCommand (27ms) [Parameters=[], CommandType='"Text"', CommandTimeout='30']
SELECT OBJECT_ID(N'[__EFMigrationsHistory]');
[2023-02-14 11:59:46.530 +01:00  INF]  Executed DbCommand (2ms) [Parameters=[], CommandType='"Text"', CommandTimeout='30']
SELECT 1
[2023-02-14 11:59:46.531 +01:00  INF]  Executed DbCommand (0ms) [Parameters=[], CommandType='"Text"', CommandTimeout='30']
SELECT OBJECT_ID(N'[__EFMigrationsHistory]');
[2023-02-14 11:59:46.566 +01:00  INF]  Executed DbCommand (4ms) [Parameters=[], CommandType='"Text"', CommandTimeout='30']
SELECT [MigrationId], [ProductVersion]
FROM [__EFMigrationsHistory]
ORDER BY [MigrationId];
[2023-02-14 11:59:46.596 +01:00  INF]  No migrations were applied. The database is already up to date.
[2023-02-14 11:59:47.064 +01:00  INF]  Executed DbCommand (2ms) [Parameters=[], CommandType='"Text"', CommandTimeout='30']
SELECT TOP(1) [u].[Id], [u].[Email], [u].[Nombre], [u].[Password], [u].[RoleId]
FROM [Users] AS [u]
WHERE [u].[RoleId] = 1
[2023-02-14 11:59:47.258 +01:00  INF]  User profile is available. Using 'C:\Users\CesarDiaz\AppData\Local\ASP.NET\DataProtection-Keys' as key repository and Windows DPAPI to encrypt keys at rest.
[2023-02-14 11:59:47.544 +01:00  INF]  Now listening on: https://localhost:7075
[2023-02-14 11:59:47.544 +01:00  INF]  Now listening on: http://localhost:5138
[2023-02-14 11:59:47.546 +01:00  INF]  Application started. Press Ctrl+C to shut down.
[2023-02-14 11:59:47.547 +01:00  INF]  Hosting environment: Development
[2023-02-14 11:59:47.547 +01:00  INF]  Content root path: C:\Users\CesarDiaz\source\repos\BOOTCAMP-IRONMAN\10_NET\Ejercicios\66.WebApi_Cars\API\
[2023-02-14 11:59:48.305 +01:00  INF]  Request starting HTTP/2 GET https://localhost:7075/swagger/index.html - -
[2023-02-14 11:59:48.485 +01:00  INF]  Request finished HTTP/2 GET https://localhost:7075/swagger/index.html - - - 200 - text/html;charset=utf-8 183.1092ms
[2023-02-14 11:59:48.535 +01:00  INF]  Request starting HTTP/2 GET https://localhost:7075/_framework/aspnetcore-browser-refresh.js - -
[2023-02-14 11:59:48.541 +01:00  INF]  Request finished HTTP/2 GET https://localhost:7075/_framework/aspnetcore-browser-refresh.js - - - 200 11998 application/javascript;+charset=utf-8 5.6498ms
[2023-02-14 11:59:48.693 +01:00  INF]  Request starting HTTP/2 GET https://localhost:7075/swagger/v1/swagger.json - -
[2023-02-14 11:59:48.799 +01:00  INF]  Request finished HTTP/2 GET https://localhost:7075/swagger/v1/swagger.json - - - 200 - application/json;charset=utf-8 106.2073ms
[2023-02-14 12:00:14.241 +01:00  INF]  Request starting HTTP/2 POST https://localhost:7075/api/Users/authenticate application/json 58
[2023-02-14 12:00:14.340 +01:00  INF]  Executing endpoint '_66.WebApi_Cars.Controllers.UsersController.Authenticate (66.WebApi_Cars)'
[2023-02-14 12:00:14.366 +01:00  INF]  Route matched with {action = "Authenticate", controller = "Users"}. Executing controller action with signature System.Threading.Tasks.Task`1[Microsoft.AspNetCore.Mvc.IActionResult] Authenticate(Entities.Requests.AuthenticateRequest) on controller _66.WebApi_Cars.Controllers.UsersController (66.WebApi_Cars).
[2023-02-14 12:00:14.498 +01:00  INF]  Executing action method _66.WebApi_Cars.Controllers.UsersController.Authenticate (66.WebApi_Cars) - Validation state: "Valid"
[2023-02-14 12:00:14.501 +01:00  INF]  {"Email":"emaildeprueba","Password":"lapassword"}
[2023-02-14 12:00:14.506 +01:00  INF]  Entity Framework Core 6.0.13 initialized 'WebApiDbContext' using provider 'Microsoft.EntityFrameworkCore.SqlServer:6.0.13' with options: None
[2023-02-14 12:00:14.707 +01:00  INF]  Executed DbCommand (62ms) [Parameters=[@__request_Email_0='?' (Size = 4000), @__request_Password_1='?' (Size = 4000)], CommandType='"Text"', CommandTimeout='30']
SELECT [u].[Id], [u].[Email], [u].[Nombre], [u].[Password], [u].[RoleId], [r].[Id], [r].[Descripcion]
FROM [Users] AS [u]
INNER JOIN [Roles] AS [r] ON [u].[RoleId] = [r].[Id]
WHERE ([u].[Email] = @__request_Email_0) AND ([u].[Password] = @__request_Password_1)
[2023-02-14 12:00:14.736 +01:00  INF]  Executed action method _66.WebApi_Cars.Controllers.UsersController.Authenticate (66.WebApi_Cars), returned result Microsoft.AspNetCore.Mvc.BadRequestObjectResult in 233.3386ms.
[2023-02-14 12:00:14.746 +01:00  INF]  Executing BadRequestObjectResult, writing value of type 'System.String'.
[2023-02-14 12:00:14.756 +01:00  INF]  Executed action _66.WebApi_Cars.Controllers.UsersController.Authenticate (66.WebApi_Cars) in 383.1819ms
[2023-02-14 12:00:14.757 +01:00  INF]  Executed endpoint '_66.WebApi_Cars.Controllers.UsersController.Authenticate (66.WebApi_Cars)'
[2023-02-14 12:00:14.765 +01:00  INF]  Request finished HTTP/2 POST https://localhost:7075/api/Users/authenticate application/json 58 - 400 - text/plain;+charset=utf-8 524.0708ms
[2023-02-14 12:10:06.157 +01:00  INF]  Entity Framework Core 6.0.13 initialized 'WebApiDbContext' using provider 'Microsoft.EntityFrameworkCore.SqlServer:6.0.13' with options: None
[2023-02-14 12:10:06.812 +01:00  INF]  Executed DbCommand (36ms) [Parameters=[], CommandType='"Text"', CommandTimeout='30']
SELECT 1
[2023-02-14 12:10:06.881 +01:00  INF]  Executed DbCommand (36ms) [Parameters=[], CommandType='"Text"', CommandTimeout='30']
SELECT OBJECT_ID(N'[__EFMigrationsHistory]');
[2023-02-14 12:10:06.884 +01:00  INF]  Executed DbCommand (1ms) [Parameters=[], CommandType='"Text"', CommandTimeout='30']
SELECT 1
[2023-02-14 12:10:06.885 +01:00  INF]  Executed DbCommand (0ms) [Parameters=[], CommandType='"Text"', CommandTimeout='30']
SELECT OBJECT_ID(N'[__EFMigrationsHistory]');
[2023-02-14 12:10:06.918 +01:00  INF]  Executed DbCommand (3ms) [Parameters=[], CommandType='"Text"', CommandTimeout='30']
SELECT [MigrationId], [ProductVersion]
FROM [__EFMigrationsHistory]
ORDER BY [MigrationId];
[2023-02-14 12:10:06.978 +01:00  INF]  No migrations were applied. The database is already up to date.
[2023-02-14 12:10:07.476 +01:00  INF]  Executed DbCommand (3ms) [Parameters=[], CommandType='"Text"', CommandTimeout='30']
SELECT TOP(1) [u].[Id], [u].[Email], [u].[Nombre], [u].[Password], [u].[RoleId]
FROM [Users] AS [u]
WHERE [u].[RoleId] = 1
[2023-02-14 12:10:07.695 +01:00  INF]  User profile is available. Using 'C:\Users\CesarDiaz\AppData\Local\ASP.NET\DataProtection-Keys' as key repository and Windows DPAPI to encrypt keys at rest.
[2023-02-14 12:10:07.968 +01:00  INF]  Now listening on: https://localhost:7075
[2023-02-14 12:10:07.968 +01:00  INF]  Now listening on: http://localhost:5138
[2023-02-14 12:10:07.971 +01:00  INF]  Application started. Press Ctrl+C to shut down.
[2023-02-14 12:10:07.971 +01:00  INF]  Hosting environment: Development
[2023-02-14 12:10:07.971 +01:00  INF]  Content root path: C:\Users\CesarDiaz\source\repos\BOOTCAMP-IRONMAN\10_NET\Ejercicios\66.WebApi_Cars\API\
[2023-02-14 12:10:08.582 +01:00  INF]  Request starting HTTP/2 GET https://localhost:7075/swagger/index.html - -
[2023-02-14 12:10:08.749 +01:00  INF]  Request finished HTTP/2 GET https://localhost:7075/swagger/index.html - - - 200 - text/html;charset=utf-8 171.1640ms
[2023-02-14 12:10:08.799 +01:00  INF]  Request starting HTTP/2 GET https://localhost:7075/_framework/aspnetcore-browser-refresh.js - -
[2023-02-14 12:10:08.803 +01:00  INF]  Request finished HTTP/2 GET https://localhost:7075/_framework/aspnetcore-browser-refresh.js - - - 200 11998 application/javascript;+charset=utf-8 4.4070ms
[2023-02-14 12:10:09.002 +01:00  INF]  Request starting HTTP/2 GET https://localhost:7075/swagger/v1/swagger.json - -
[2023-02-14 12:10:09.127 +01:00  INF]  Request finished HTTP/2 GET https://localhost:7075/swagger/v1/swagger.json - - - 200 - application/json;charset=utf-8 124.8113ms
[2023-02-14 12:10:22.004 +01:00  INF]  Request starting HTTP/2 POST https://localhost:7075/api/Users/authenticate application/json 47
[2023-02-14 12:10:29.702 +01:00  INF]  Executing endpoint '_66.WebApi_Cars.Controllers.UsersController.Authenticate (66.WebApi_Cars)'
[2023-02-14 12:10:29.726 +01:00  INF]  Route matched with {action = "Authenticate", controller = "Users"}. Executing controller action with signature System.Threading.Tasks.Task`1[Microsoft.AspNetCore.Mvc.IActionResult] Authenticate(Entities.Requests.AuthenticateRequest) on controller _66.WebApi_Cars.Controllers.UsersController (66.WebApi_Cars).
[2023-02-14 12:10:29.816 +01:00  INF]  Executing action method _66.WebApi_Cars.Controllers.UsersController.Authenticate (66.WebApi_Cars) - Validation state: "Valid"
[2023-02-14 12:10:29.818 +01:00  INF]  {"Email":"string","Password":"string"}
[2023-02-14 12:10:29.821 +01:00  INF]  Entity Framework Core 6.0.13 initialized 'WebApiDbContext' using provider 'Microsoft.EntityFrameworkCore.SqlServer:6.0.13' with options: None
[2023-02-14 12:10:30.008 +01:00  INF]  Executed DbCommand (64ms) [Parameters=[@__request_Email_0='?' (Size = 4000), @__request_Password_1='?' (Size = 4000)], CommandType='"Text"', CommandTimeout='30']
SELECT [u].[Id], [u].[Email], [u].[Nombre], [u].[Password], [u].[RoleId], [r].[Id], [r].[Descripcion]
FROM [Users] AS [u]
INNER JOIN [Roles] AS [r] ON [u].[RoleId] = [r].[Id]
WHERE ([u].[Email] = @__request_Email_0) AND ([u].[Password] = @__request_Password_1)
[2023-02-14 12:10:30.053 +01:00  INF]  Executed action method _66.WebApi_Cars.Controllers.UsersController.Authenticate (66.WebApi_Cars), returned result Microsoft.AspNetCore.Mvc.BadRequestObjectResult in 232.5171ms.
[2023-02-14 12:10:30.067 +01:00  INF]  Executing BadRequestObjectResult, writing value of type 'System.String'.
[2023-02-14 12:10:30.081 +01:00  INF]  Executed action _66.WebApi_Cars.Controllers.UsersController.Authenticate (66.WebApi_Cars) in 348.2033ms
[2023-02-14 12:10:30.082 +01:00  INF]  Executed endpoint '_66.WebApi_Cars.Controllers.UsersController.Authenticate (66.WebApi_Cars)'
[2023-02-14 12:10:32.143 +01:00  INF]  Request finished HTTP/2 POST https://localhost:7075/api/Users/authenticate application/json 47 - 400 - text/plain;+charset=utf-8 10139.0497ms
[2023-02-14 12:11:15.284 +01:00  INF]  Entity Framework Core 6.0.13 initialized 'WebApiDbContext' using provider 'Microsoft.EntityFrameworkCore.SqlServer:6.0.13' with options: None
[2023-02-14 12:11:15.927 +01:00  INF]  Executed DbCommand (68ms) [Parameters=[], CommandType='"Text"', CommandTimeout='30']
SELECT 1
[2023-02-14 12:11:16.019 +01:00  INF]  Executed DbCommand (52ms) [Parameters=[], CommandType='"Text"', CommandTimeout='30']
SELECT OBJECT_ID(N'[__EFMigrationsHistory]');
[2023-02-14 12:11:16.026 +01:00  INF]  Executed DbCommand (2ms) [Parameters=[], CommandType='"Text"', CommandTimeout='30']
SELECT 1
[2023-02-14 12:11:16.027 +01:00  INF]  Executed DbCommand (1ms) [Parameters=[], CommandType='"Text"', CommandTimeout='30']
SELECT OBJECT_ID(N'[__EFMigrationsHistory]');
[2023-02-14 12:11:16.073 +01:00  INF]  Executed DbCommand (4ms) [Parameters=[], CommandType='"Text"', CommandTimeout='30']
SELECT [MigrationId], [ProductVersion]
FROM [__EFMigrationsHistory]
ORDER BY [MigrationId];
[2023-02-14 12:11:16.104 +01:00  INF]  No migrations were applied. The database is already up to date.
[2023-02-14 12:11:16.545 +01:00  INF]  Executed DbCommand (1ms) [Parameters=[], CommandType='"Text"', CommandTimeout='30']
SELECT TOP(1) [u].[Id], [u].[Email], [u].[Nombre], [u].[Password], [u].[RoleId]
FROM [Users] AS [u]
WHERE [u].[RoleId] = 1
[2023-02-14 12:11:16.731 +01:00  INF]  User profile is available. Using 'C:\Users\CesarDiaz\AppData\Local\ASP.NET\DataProtection-Keys' as key repository and Windows DPAPI to encrypt keys at rest.
[2023-02-14 12:11:17.108 +01:00  INF]  Now listening on: https://localhost:7075
[2023-02-14 12:11:17.108 +01:00  INF]  Now listening on: http://localhost:5138
[2023-02-14 12:11:17.111 +01:00  INF]  Application started. Press Ctrl+C to shut down.
[2023-02-14 12:11:17.111 +01:00  INF]  Hosting environment: Development
[2023-02-14 12:11:17.111 +01:00  INF]  Content root path: C:\Users\CesarDiaz\source\repos\BOOTCAMP-IRONMAN\10_NET\Ejercicios\66.WebApi_Cars\API\
[2023-02-14 12:11:17.660 +01:00  INF]  Request starting HTTP/2 GET https://localhost:7075/swagger/index.html - -
[2023-02-14 12:11:17.895 +01:00  INF]  Request finished HTTP/2 GET https://localhost:7075/swagger/index.html - - - 200 - text/html;charset=utf-8 241.9263ms
[2023-02-14 12:11:17.966 +01:00  INF]  Request starting HTTP/2 GET https://localhost:7075/_framework/aspnetcore-browser-refresh.js - -
[2023-02-14 12:11:17.970 +01:00  INF]  Request finished HTTP/2 GET https://localhost:7075/_framework/aspnetcore-browser-refresh.js - - - 200 11998 application/javascript;+charset=utf-8 4.0794ms
[2023-02-14 12:11:18.175 +01:00  INF]  Request starting HTTP/2 GET https://localhost:7075/swagger/v1/swagger.json - -
[2023-02-14 12:11:18.316 +01:00  INF]  Request finished HTTP/2 GET https://localhost:7075/swagger/v1/swagger.json - - - 200 - application/json;charset=utf-8 140.7533ms
[2023-02-14 12:12:15.899 +01:00  INF]  Request starting HTTP/2 POST https://localhost:7075/api/Users/authenticate application/json 47
[2023-02-14 12:12:21.737 +01:00  INF]  Executing endpoint '_66.WebApi_Cars.Controllers.UsersController.Authenticate (66.WebApi_Cars)'
[2023-02-14 12:12:21.756 +01:00  INF]  Route matched with {action = "Authenticate", controller = "Users"}. Executing controller action with signature System.Threading.Tasks.Task`1[Microsoft.AspNetCore.Mvc.IActionResult] Authenticate(Entities.Requests.AuthenticateRequest) on controller _66.WebApi_Cars.Controllers.UsersController (66.WebApi_Cars).
[2023-02-14 12:12:21.831 +01:00  INF]  Executing action method _66.WebApi_Cars.Controllers.UsersController.Authenticate (66.WebApi_Cars) - Validation state: "Valid"
[2023-02-14 12:12:21.833 +01:00  INF]  {"Email":"string","Password":"string"}
[2023-02-14 12:12:23.098 +01:00  INF]  Executed action _66.WebApi_Cars.Controllers.UsersController.Authenticate (66.WebApi_Cars) in 1336.9871ms
[2023-02-14 12:12:23.103 +01:00  INF]  Executed endpoint '_66.WebApi_Cars.Controllers.UsersController.Authenticate (66.WebApi_Cars)'
[2023-02-14 12:12:28.425 +01:00  ERR]  System.Exception: Error al llamar a la BD
   at _66.WebApi_Cars.Controllers.UsersController.Authenticate(AuthenticateRequest request) in C:\Users\CesarDiaz\source\repos\BOOTCAMP-IRONMAN\10_NET\Ejercicios\66.WebApi_Cars\API\Controllers\UsersController.cs:line 42
   at Microsoft.AspNetCore.Mvc.Infrastructure.ActionMethodExecutor.TaskOfIActionResultExecutor.Execute(IActionResultTypeMapper mapper, ObjectMethodExecutor executor, Object controller, Object[] arguments)
   at Microsoft.AspNetCore.Mvc.Infrastructure.ControllerActionInvoker.<InvokeActionMethodAsync>g__Logged|12_1(ControllerActionInvoker invoker)
   at Microsoft.AspNetCore.Mvc.Infrastructure.ControllerActionInvoker.<InvokeNextActionFilterAsync>g__Awaited|10_0(ControllerActionInvoker invoker, Task lastTask, State next, Scope scope, Object state, Boolean isCompleted)
   at Microsoft.AspNetCore.Mvc.Infrastructure.ControllerActionInvoker.Rethrow(ActionExecutedContextSealed context)
   at Microsoft.AspNetCore.Mvc.Infrastructure.ControllerActionInvoker.Next(State& next, Scope& scope, Object& state, Boolean& isCompleted)
   at Microsoft.AspNetCore.Mvc.Infrastructure.ControllerActionInvoker.InvokeInnerFilterAsync()
--- End of stack trace from previous location ---
   at Microsoft.AspNetCore.Mvc.Infrastructure.ResourceInvoker.<InvokeFilterPipelineAsync>g__Awaited|20_0(ResourceInvoker invoker, Task lastTask, State next, Scope scope, Object state, Boolean isCompleted)
   at Microsoft.AspNetCore.Mvc.Infrastructure.ResourceInvoker.<InvokeAsync>g__Logged|17_1(ResourceInvoker invoker)
   at Microsoft.AspNetCore.Mvc.Infrastructure.ResourceInvoker.<InvokeAsync>g__Logged|17_1(ResourceInvoker invoker)
   at Microsoft.AspNetCore.Routing.EndpointMiddleware.<Invoke>g__AwaitRequestTask|6_0(Endpoint endpoint, Task requestTask, ILogger logger)
   at Microsoft.AspNetCore.Authorization.AuthorizationMiddleware.Invoke(HttpContext context)
   at Microsoft.AspNetCore.Authentication.AuthenticationMiddleware.Invoke(HttpContext context)
   at _66.WebApi_Cars.Middlewares.ExceptionHandlingMiddleware.Invoke(HttpContext context) in C:\Users\CesarDiaz\source\repos\BOOTCAMP-IRONMAN\10_NET\Ejercicios\66.WebApi_Cars\API\Middlewares\ExceptionHandlingMiddleware.cs:line 20
[2023-02-14 12:12:31.437 +01:00  INF]  Request finished HTTP/2 POST https://localhost:7075/api/Users/authenticate application/json 47 - 500 - application/json 15538.1763ms
